<?xml version="1.0" encoding="UTF-8"?>
<!-- Generated by org.testng.reporters.JUnitReportReporter -->
<testsuite skipped="0" hostname="kishor" name="testcases.AppTest" tests="1" failures="0" timestamp="01 Sep 2018 20:08:50 GMT" time="47.047" errors="0">
  <testcase name="testmyApp" time="47.047" classname="testcases.AppTest"/>
</testsuite> <!-- testcases.AppTest -->
